<?xml version="1.0" encoding="UTF-8"?>
<!-- Generated by org.testng.reporters.JUnitXMLReporter -->
<testsuite ignored="3" hostname="DESKTOP-3OONJHS" failures="0" tests="1" name="Default test" time="16.365" errors="0" timestamp="2024-08-28T14:23:53 AST">
  <testcase classname="dataBaseTesting.DataTest" name="getORraedData" time="14.874"/>
  <testcase classname="dataBaseTesting.DataTest" name="addData" time="0.0">
    <ignored/>
  </testcase> <!-- addData -->
  <testcase classname="dataBaseTesting.DataTest" name="deleteData" time="0.0">
    <ignored/>
  </testcase> <!-- deleteData -->
  <testcase classname="dataBaseTesting.DataTest" name="updateData" time="0.0">
    <ignored/>
  </testcase> <!-- updateData -->
</testsuite> <!-- Default test -->
