<?xml version="1.0" encoding="UTF-8"?>
<testng-results ignored="3" total="4" passed="1" failed="0" skipped="0">
  <reporter-output>
  </reporter-output>
  <suite started-at="2024-08-28T14:23:37 AST" name="Default suite" finished-at="2024-08-28T14:23:53 AST" duration-ms="16365">
    <groups>
    </groups>
    <test started-at="2024-08-28T14:23:37 AST" name="Default test" finished-at="2024-08-28T14:23:53 AST" duration-ms="16365">
      <class name="dataBaseTesting.DataTest">
        <test-method is-config="true" signature="mySetup()[pri:0, instance:dataBaseTesting.DataTest@649725e3]" started-at="2024-08-28T14:23:37 AST" name="mySetup" finished-at="2024-08-28T14:23:38 AST" duration-ms="1431" status="PASS">
          <reporter-output>
          </reporter-output>
        </test-method> <!-- mySetup -->
        <test-method signature="getORraedData()[pri:3, instance:dataBaseTesting.DataTest@649725e3]" started-at="2024-08-28T14:23:38 AST" name="getORraedData" finished-at="2024-08-28T14:23:53 AST" duration-ms="14874" status="PASS">
          <reporter-output>
          </reporter-output>
        </test-method> <!-- getORraedData -->
      </class> <!-- dataBaseTesting.DataTest -->
    </test> <!-- Default test -->
  </suite> <!-- Default suite -->
</testng-results>
